Removed Pin From Net: NetName=USART1_RX Pin=U4-1
Removed Pin From Net: NetName=USART1_TX Pin=U4-2
Removed Pin From Net: NetName=TOF1_SCL Pin=U4-32
Removed Pin From Net: NetName=TOF1_SDA Pin=U4-33
Removed Pin From Net: NetName=TOF1_INT Pin=U4-34
Removed Pin From Net: NetName=TOF0_SCL Pin=U4-38
Removed Pin From Net: NetName=TOF0_SDA Pin=U4-39
Removed Pin From Net: NetName=TOF0_INT Pin=U4-42
Removed Pin From Net: NetName=SPI1_MOSI Pin=U4-43
Removed Pin From Net: NetName=SPI1_MISO Pin=U4-44
Removed Pin From Net: NetName=SPI1_SCK Pin=U4-46
Removed Pin From Net: NetName=SPI1_NSS Pin=U4-49
Removed Pin From Net: NetName=TOF5_SCL Pin=U4-110
Removed Pin From Net: NetName=TOF5_SDA Pin=U4-111
Removed Pin From Net: NetName=TOF5_INT Pin=U4-112
Removed Pin From Net: NetName=TOF6_SCL Pin=U4-120
Removed Pin From Net: NetName=TOF6_SDA Pin=U4-121
Removed Pin From Net: NetName=TOF6_INT Pin=U4-124
Added Pin To Net: NetName=TOF5_SCL Pin=U4-38
Added Pin To Net: NetName=TOF5_SDA Pin=U4-39
Added Pin To Net: NetName=TOF5_INT Pin=U4-42
Added Pin To Net: NetName=TOF6_SCL Pin=U4-43
Added Pin To Net: NetName=TOF6_SDA Pin=U4-44
Added Pin To Net: NetName=TOF6_INT Pin=U4-46
Added Pin To Net: NetName=TOF1_SCL Pin=U4-110
Added Pin To Net: NetName=TOF1_SDA Pin=U4-111
Added Pin To Net: NetName=TOF1_INT Pin=U4-112
Added Pin To Net: NetName=TOF0_SCL Pin=U4-113
Added Pin To Net: NetName=TOF0_SDA Pin=U4-114
Added Pin To Net: NetName=TOF0_INT Pin=U4-115
Added Pin To Net: NetName=SPI1_MOSI Pin=U4-119
Added Pin To Net: NetName=SPI1_MISO Pin=U4-120
Added Pin To Net: NetName=SPI1_SCK Pin=U4-121
Added Pin To Net: NetName=SPI1_NSS Pin=U4-124
Added Pin To Net: NetName=USART1_RX Pin=U4-125
Added Pin To Net: NetName=USART1_TX Pin=U4-126
Added Room: Name=pathfinder_sch
